::1 - - [01/Feb/2024:08:46:48 +0000] "GET /articles/home HTTP/1.1" 200 71326 "-" "PostmanRuntime/7.36.1"
::1 - - [01/Feb/2024:08:48:21 +0000] "GET /articles/home HTTP/1.1" 200 284958 "-" "PostmanRuntime/7.36.1"
::1 - - [01/Feb/2024:08:50:14 +0000] "GET /articles/home HTTP/1.1" 200 299212 "-" "PostmanRuntime/7.36.1"
::1 - - [01/Feb/2024:08:50:23 +0000] "GET /articles/home HTTP/1.1" 200 299212 "-" "PostmanRuntime/7.36.1"
::1 - - [01/Feb/2024:08:50:58 +0000] "GET /articles/home HTTP/1.1" 200 299212 "-" "PostmanRuntime/7.36.1"
::1 - - [01/Feb/2024:08:52:40 +0000] "GET /articles/home HTTP/1.1" 200 299212 "-" "PostmanRuntime/7.36.1"
::1 - - [01/Feb/2024:08:53:09 +0000] "GET /articles/home HTTP/1.1" 200 299212 "-" "PostmanRuntime/7.36.1"
::1 - - [01/Feb/2024:08:53:42 +0000] "GET /articles/home HTTP/1.1" 500 91 "-" "PostmanRuntime/7.36.1"
::1 - - [01/Feb/2024:08:54:02 +0000] "GET /articles/home HTTP/1.1" 200 299212 "-" "PostmanRuntime/7.36.1"
::1 - - [01/Feb/2024:08:54:13 +0000] "GET /articles/home HTTP/1.1" 200 299212 "-" "PostmanRuntime/7.36.1"
::1 - - [01/Feb/2024:08:54:41 +0000] "GET /articles/home HTTP/1.1" 200 299212 "-" "PostmanRuntime/7.36.1"
::1 - - [01/Feb/2024:09:03:23 +0000] "GET /articles/home HTTP/1.1" 200 284968 "-" "PostmanRuntime/7.36.1"
::1 - - [27/May/2024:13:08:58 +0000] "GET /products/664f95913d731266b804da2f HTTP/1.1" 200 9070 "-" "PostmanRuntime/7.37.3"
::1 - - [27/May/2024:13:11:06 +0000] "GET /products/664f95913d731266b804da2f HTTP/1.1" 200 310 "-" "PostmanRuntime/7.37.3"
::1 - - [27/May/2024:13:12:53 +0000] "GET /products/664f95913d731266b804da2f HTTP/1.1" 200 8497 "-" "PostmanRuntime/7.37.3"
::1 - - [27/May/2024:13:13:41 +0000] "GET /products/664f95913d731266b804da2f HTTP/1.1" 200 8497 "-" "PostmanRuntime/7.37.3"
::1 - - [27/May/2024:13:23:57 +0000] "DELETE /products/664f95913d731266b804da2f HTTP/1.1" 200 310 "-" "PostmanRuntime/7.37.3"
::1 - - [27/May/2024:13:37:39 +0000] "GET /products/ HTTP/1.1" 200 332 "-" "PostmanRuntime/7.37.3"
::1 - - [27/May/2024:13:39:00 +0000] "GET /cards/ HTTP/1.1" 500 63 "-" "PostmanRuntime/7.37.3"
::1 - - [27/May/2024:13:39:38 +0000] "GET /cards/?page=1&limit=5 HTTP/1.1" 500 63 "-" "PostmanRuntime/7.37.3"
::1 - - [27/May/2024:13:39:59 +0000] "GET /cards/?page=1&limit=5&sort=-1 HTTP/1.1" 500 63 "-" "PostmanRuntime/7.37.3"
::1 - - [27/May/2024:13:40:21 +0000] "GET /cards/?page=1&limit=5&sort=-1 HTTP/1.1" 200 103 "-" "PostmanRuntime/7.37.3"
::1 - - [27/May/2024:13:40:26 +0000] "GET /cards/ HTTP/1.1" 200 103 "-" "PostmanRuntime/7.37.3"
::1 - - [27/May/2024:13:40:29 +0000] "GET /cards/me HTTP/1.1" 200 28 "-" "PostmanRuntime/7.37.3"
::1 - - [27/May/2024:13:42:55 +0000] "POST /products HTTP/1.1" 200 233 "-" "PostmanRuntime/7.37.3"
::1 - - [27/May/2024:13:45:01 +0000] "POST /options/ HTTP/1.1" 200 233 "-" "PostmanRuntime/7.37.3"
::1 - - [27/May/2024:13:46:42 +0000] "POST /options/ HTTP/1.1" 200 241 "-" "PostmanRuntime/7.37.3"
::1 - - [27/May/2024:13:47:07 +0000] "GET /variants/ HTTP/1.1" 404 148 "-" "PostmanRuntime/7.37.3"
::1 - - [27/May/2024:13:47:22 +0000] "GET /variants/?sort=-1 HTTP/1.1" 404 148 "-" "PostmanRuntime/7.37.3"
::1 - - [27/May/2024:13:47:25 +0000] "GET /variants/?sort=1 HTTP/1.1" 404 148 "-" "PostmanRuntime/7.37.3"
::1 - - [27/May/2024:13:47:31 +0000] "GET /productVariants/?sort=1 HTTP/1.1" 404 155 "-" "PostmanRuntime/7.37.3"
::1 - - [27/May/2024:13:53:54 +0000] "GET /productVariants/?sort=1 HTTP/1.1" 404 155 "-" "PostmanRuntime/7.37.3"
::1 - - [27/May/2024:13:54:01 +0000] "GET /variants/?sort=1 HTTP/1.1" 500 61 "-" "PostmanRuntime/7.37.3"
::1 - - [27/May/2024:13:54:33 +0000] "GET /variants/?sort=1 HTTP/1.1" 200 1519 "-" "PostmanRuntime/7.37.3"
